app/build/intermediates/manifest_merge_blame_file/debug/manifest-merger-blame-debug-report.txt
1<?xml version="1.0" encoding="utf-8"?>
2<manifest xmlns:android="http://schemas.android.com/apk/res/android"
3    package="com.zxiaofan.yunyi"
4    android:versionCode="1"
5    android:versionName="1.0（build:2016-06-06）" >
6
7    <uses-sdk
8        android:minSdkVersion="16"
8-->src\main\AndroidManifest.xml
9        android:targetSdkVersion="23" />
9-->src\main\AndroidManifest.xml
10
11    <uses-permission android:name="android.permission.ACCESS_WIFI_STATE" />
11-->src\main\AndroidManifest.xml:5:5-76
11-->src\main\AndroidManifest.xml:5:22-73
12    <uses-permission android:name="android.permission.INTERNET" />
12-->src\main\AndroidManifest.xml:6:5-67
12-->src\main\AndroidManifest.xml:6:22-64
13    <uses-permission android:name="android.permission.VIBRATE" />
13-->src\main\AndroidManifest.xml:7:5-66
13-->src\main\AndroidManifest.xml:7:22-63
14    <uses-permission android:name="android.permission.GET_ACCOUNTS" />
14-->src\main\AndroidManifest.xml:8:5-71
14-->src\main\AndroidManifest.xml:8:22-68
15    <uses-permission android:name="android.permission.READ_PROFILE" />
15-->src\main\AndroidManifest.xml:9:5-71
15-->src\main\AndroidManifest.xml:9:22-68
16    <uses-permission android:name="android.permission.READ_CONTACTS" />
16-->src\main\AndroidManifest.xml:10:5-72
16-->src\main\AndroidManifest.xml:10:22-69
17    <uses-permission android:name="android.permission.WRITE_EXTERNAL_STORAGE" />
17-->src\main\AndroidManifest.xml:11:5-81
17-->src\main\AndroidManifest.xml:11:22-78
18
19    <!-- 这个权限用于进行网络定位 -->
20    <uses-permission android:name="android.permission.ACCESS_COARSE_LOCATION" />
20-->src\main\AndroidManifest.xml:14:5-81
20-->src\main\AndroidManifest.xml:14:22-78
21    <!-- 这个权限用于访问GPS定位 -->
22    <uses-permission android:name="android.permission.ACCESS_FINE_LOCATION" />
22-->src\main\AndroidManifest.xml:16:5-79
22-->src\main\AndroidManifest.xml:16:22-76
23    <!-- 用于访问wifi网络信息，wifi信息会用于进行网络定位 -->
24    <uses-permission android:name="android.permission.ACCESS_WIFI_STATE" />
24-->src\main\AndroidManifest.xml:5:5-76
24-->src\main\AndroidManifest.xml:5:22-73
25    <!-- 获取运营商信息，用于支持提供运营商信息相关的接口 -->
26    <uses-permission android:name="android.permission.ACCESS_NETWORK_STATE" />
26-->src\main\AndroidManifest.xml:20:5-79
26-->src\main\AndroidManifest.xml:20:22-76
27    <!-- 这个权限用于获取wifi的获取权限，wifi信息会用来进行网络定位 -->
28    <uses-permission android:name="android.permission.CHANGE_WIFI_STATE" />
28-->src\main\AndroidManifest.xml:22:5-76
28-->src\main\AndroidManifest.xml:22:22-73
29    <!-- 用于读取手机当前的状态 -->
30    <uses-permission android:name="android.permission.READ_PHONE_STATE" />
30-->src\main\AndroidManifest.xml:24:5-75
30-->src\main\AndroidManifest.xml:24:22-72
31    <!-- 写入扩展存储，向扩展卡写入数据，用于写入离线定位数据 -->
32    <uses-permission android:name="android.permission.WRITE_EXTERNAL_STORAGE" />
32-->src\main\AndroidManifest.xml:11:5-81
32-->src\main\AndroidManifest.xml:11:22-78
33    <!-- 访问网络，网络定位需要上网 -->
34    <uses-permission android:name="android.permission.INTERNET" />
34-->src\main\AndroidManifest.xml:6:5-67
34-->src\main\AndroidManifest.xml:6:22-64
35
36    <!-- SD卡读取权限，用户写入离线定位数据 -->
37    <!-- <uses-permission android:name="android.permission.MOUNT_UNMOUNT_FILESYSTEMS" /> -->
38    <application
38-->src\main\AndroidManifest.xml:32:5-255:19
39        android:name="com.zxiaofan.yunyi.MyApplication"
39-->src\main\AndroidManifest.xml:33:9-56
40        android:allowBackup="true"
40-->src\main\AndroidManifest.xml:34:9-35
41        android:debuggable="true"
42        android:icon="@mipmap/desk"
42-->src\main\AndroidManifest.xml:35:9-36
43        android:label="@string/app_name"
43-->src\main\AndroidManifest.xml:36:9-41
44        android:supportsRtl="true"
44-->src\main\AndroidManifest.xml:37:9-35
45        android:testOnly="true"
46        android:theme="@style/AppTheme" >
46-->src\main\AndroidManifest.xml:38:9-40
47
48        <!-- key:开发者申请的key -->
49        <meta-data
49-->src\main\AndroidManifest.xml:41:9-43:64
50            android:name="com.baidu.lbsapi.API_KEY"
50-->src\main\AndroidManifest.xml:42:13-52
51            android:value="zOdS77ilkGTSeOl3L7Gpdf2s4zFIk5A4" />
51-->src\main\AndroidManifest.xml:43:13-61
52
53        <service android:name="com.zxiaofan.yunyi.update.service.UpdateService" />
53-->src\main\AndroidManifest.xml:45:9-83
53-->src\main\AndroidManifest.xml:45:18-80
54        <service
54-->src\main\AndroidManifest.xml:46:9-49:41
55            android:name="com.baidu.location.f"
55-->src\main\AndroidManifest.xml:47:13-48
56            android:enabled="true"
56-->src\main\AndroidManifest.xml:48:13-35
57            android:process=":remote" />
57-->src\main\AndroidManifest.xml:49:13-38
58
59        <activity
59-->src\main\AndroidManifest.xml:51:9-57:57
60            android:name="com.zxiaofan.yunyi.activity.MainActivity"
60-->src\main\AndroidManifest.xml:52:13-68
61            android:configChanges="orientation|keyboardHidden"
61-->src\main\AndroidManifest.xml:53:13-63
62            android:label="@string/app_name"
62-->src\main\AndroidManifest.xml:54:13-45
63            android:screenOrientation="portrait"
63-->src\main\AndroidManifest.xml:55:13-49
64            android:theme="@style/AppTheme"
64-->src\main\AndroidManifest.xml:56:13-44
65            android:windowSoftInputMode="stateHidden" />
65-->src\main\AndroidManifest.xml:57:13-54
66        <activity
66-->src\main\AndroidManifest.xml:58:9-68:20
67            android:name="com.zxiaofan.yunyi.activity.WelcomeGuideActivity"
67-->src\main\AndroidManifest.xml:59:13-76
68            android:configChanges="orientation|keyboardHidden"
68-->src\main\AndroidManifest.xml:60:13-63
69            android:launchMode="singleTask"
69-->src\main\AndroidManifest.xml:61:13-44
70            android:screenOrientation="portrait" >
70-->src\main\AndroidManifest.xml:62:13-49
71            <intent-filter>
71-->src\main\AndroidManifest.xml:63:13-67:29
72                <action android:name="android.intent.action.MAIN" />
72-->src\main\AndroidManifest.xml:64:17-69
72-->src\main\AndroidManifest.xml:64:25-66
73
74                <category android:name="android.intent.category.LAUNCHER" />
74-->src\main\AndroidManifest.xml:66:17-77
74-->src\main\AndroidManifest.xml:66:27-74
75            </intent-filter>
76        </activity>
77        <activity
77-->src\main\AndroidManifest.xml:69:9-72:52
78            android:name="com.zxiaofan.yunyi.login.LoginActivity"
78-->src\main\AndroidManifest.xml:70:13-66
79            android:configChanges="orientation|keyboardHidden"
79-->src\main\AndroidManifest.xml:71:13-63
80            android:screenOrientation="portrait" />
80-->src\main\AndroidManifest.xml:72:13-49
81        <activity
81-->src\main\AndroidManifest.xml:73:9-76:52
82            android:name="com.zxiaofan.yunyi.activity.FindDocActivity"
82-->src\main\AndroidManifest.xml:74:13-71
83            android:configChanges="orientation|keyboardHidden"
83-->src\main\AndroidManifest.xml:75:13-63
84            android:screenOrientation="portrait" />
84-->src\main\AndroidManifest.xml:76:13-49
85        <activity
85-->src\main\AndroidManifest.xml:77:9-80:52
86            android:name="com.zxiaofan.yunyi.login.RegisterActivity"
86-->src\main\AndroidManifest.xml:78:13-69
87            android:configChanges="orientation|keyboardHidden"
87-->src\main\AndroidManifest.xml:79:13-63
88            android:screenOrientation="portrait" />
88-->src\main\AndroidManifest.xml:80:13-49
89        <activity
89-->src\main\AndroidManifest.xml:81:9-84:52
90            android:name="com.zxiaofan.yunyi.activity.FindHospitalActivity"
90-->src\main\AndroidManifest.xml:82:13-76
91            android:configChanges="orientation|keyboardHidden"
91-->src\main\AndroidManifest.xml:83:13-63
92            android:screenOrientation="portrait" />
92-->src\main\AndroidManifest.xml:84:13-49
93        <activity
93-->src\main\AndroidManifest.xml:85:9-88:52
94            android:name="com.zxiaofan.yunyi.activity.DrugPriceActivity"
94-->src\main\AndroidManifest.xml:86:13-73
95            android:configChanges="orientation|keyboardHidden"
95-->src\main\AndroidManifest.xml:87:13-63
96            android:screenOrientation="portrait" />
96-->src\main\AndroidManifest.xml:88:13-49
97        <activity
97-->src\main\AndroidManifest.xml:89:9-92:52
98            android:name="com.zxiaofan.yunyi.activity.JBZZActivity"
98-->src\main\AndroidManifest.xml:90:13-68
99            android:configChanges="orientation|keyboardHidden"
99-->src\main\AndroidManifest.xml:91:13-63
100            android:screenOrientation="portrait" />
100-->src\main\AndroidManifest.xml:92:13-49
101        <activity
101-->src\main\AndroidManifest.xml:93:9-96:52
102            android:name="com.zxiaofan.yunyi.hospital.TrackingStationActivity"
102-->src\main\AndroidManifest.xml:94:13-79
103            android:configChanges="orientation|keyboardHidden"
103-->src\main\AndroidManifest.xml:95:13-63
104            android:screenOrientation="portrait" />
104-->src\main\AndroidManifest.xml:96:13-49
105        <activity
105-->src\main\AndroidManifest.xml:97:9-100:52
106            android:name="com.zxiaofan.yunyi.hospital.PriceSearchActivity"
106-->src\main\AndroidManifest.xml:98:13-75
107            android:configChanges="orientation|keyboardHidden"
107-->src\main\AndroidManifest.xml:99:13-63
108            android:screenOrientation="portrait" />
108-->src\main\AndroidManifest.xml:100:13-49
109        <activity
109-->src\main\AndroidManifest.xml:101:9-104:52
110            android:name="com.zxiaofan.yunyi.hospital.MedicalNavigationActivity"
110-->src\main\AndroidManifest.xml:102:13-81
111            android:configChanges="orientation|keyboardHidden"
111-->src\main\AndroidManifest.xml:103:13-63
112            android:screenOrientation="portrait" />
112-->src\main\AndroidManifest.xml:104:13-49
113        <activity
113-->src\main\AndroidManifest.xml:105:9-108:52
114            android:name="com.zxiaofan.yunyi.hospital.HospitalNavigationActivity"
114-->src\main\AndroidManifest.xml:106:13-82
115            android:configChanges="orientation|keyboardHidden"
115-->src\main\AndroidManifest.xml:107:13-63
116            android:screenOrientation="portrait" />
116-->src\main\AndroidManifest.xml:108:13-49
117        <activity
117-->src\main\AndroidManifest.xml:109:9-112:52
118            android:name="com.zxiaofan.yunyi.User.PersonalInformationActivity"
118-->src\main\AndroidManifest.xml:110:13-79
119            android:configChanges="orientation|keyboardHidden"
119-->src\main\AndroidManifest.xml:111:13-63
120            android:screenOrientation="portrait" />
120-->src\main\AndroidManifest.xml:112:13-49
121        <activity
121-->src\main\AndroidManifest.xml:113:9-116:52
122            android:name="com.zxiaofan.yunyi.hospital.ExpertIntroductionActivity"
122-->src\main\AndroidManifest.xml:114:13-82
123            android:configChanges="orientation|keyboardHidden"
123-->src\main\AndroidManifest.xml:115:13-63
124            android:screenOrientation="portrait" />
124-->src\main\AndroidManifest.xml:116:13-49
125        <activity
125-->src\main\AndroidManifest.xml:117:9-120:52
126            android:name="com.zxiaofan.yunyi.hospital.SpecialDepartmentActivity"
126-->src\main\AndroidManifest.xml:118:13-81
127            android:configChanges="orientation|keyboardHidden"
127-->src\main\AndroidManifest.xml:119:13-63
128            android:screenOrientation="portrait" />
128-->src\main\AndroidManifest.xml:120:13-49
129        <activity
129-->src\main\AndroidManifest.xml:121:9-124:52
130            android:name="com.zxiaofan.yunyi.registered.RegisteredMain"
130-->src\main\AndroidManifest.xml:122:13-72
131            android:configChanges="orientation|keyboardHidden"
131-->src\main\AndroidManifest.xml:123:13-63
132            android:screenOrientation="portrait" />
132-->src\main\AndroidManifest.xml:124:13-49
133        <activity
133-->src\main\AndroidManifest.xml:125:9-128:52
134            android:name="com.zxiaofan.yunyi.registered.MyOutpatients"
134-->src\main\AndroidManifest.xml:126:13-71
135            android:configChanges="orientation|keyboardHidden"
135-->src\main\AndroidManifest.xml:127:13-63
136            android:screenOrientation="portrait" />
136-->src\main\AndroidManifest.xml:128:13-49
137        <activity
137-->src\main\AndroidManifest.xml:129:9-132:52
138            android:name="com.zxiaofan.yunyi.registered.RegisteredDetail"
138-->src\main\AndroidManifest.xml:130:13-74
139            android:configChanges="orientation|keyboardHidden"
139-->src\main\AndroidManifest.xml:131:13-63
140            android:screenOrientation="portrait" />
140-->src\main\AndroidManifest.xml:132:13-49
141        <activity
141-->src\main\AndroidManifest.xml:133:9-136:52
142            android:name="com.zxiaofan.yunyi.registered.RegisteredHistory"
142-->src\main\AndroidManifest.xml:134:13-75
143            android:configChanges="orientation|keyboardHidden"
143-->src\main\AndroidManifest.xml:135:13-63
144            android:screenOrientation="portrait" />
144-->src\main\AndroidManifest.xml:136:13-49
145        <activity
145-->src\main\AndroidManifest.xml:137:9-140:52
146            android:name="com.zxiaofan.yunyi.registered.DepartmentRegistered"
146-->src\main\AndroidManifest.xml:138:13-78
147            android:configChanges="orientation|keyboardHidden"
147-->src\main\AndroidManifest.xml:139:13-63
148            android:screenOrientation="portrait" />
148-->src\main\AndroidManifest.xml:140:13-49
149        <activity
149-->src\main\AndroidManifest.xml:141:9-144:52
150            android:name="com.zxiaofan.yunyi.User.UnreadMessagesActivity"
150-->src\main\AndroidManifest.xml:142:13-74
151            android:configChanges="orientation|keyboardHidden"
151-->src\main\AndroidManifest.xml:143:13-63
152            android:screenOrientation="portrait" />
152-->src\main\AndroidManifest.xml:144:13-49
153        <activity
153-->src\main\AndroidManifest.xml:145:9-148:52
154            android:name="com.zxiaofan.yunyi.registered.DealDetail"
154-->src\main\AndroidManifest.xml:146:13-68
155            android:configChanges="orientation|keyboardHidden"
155-->src\main\AndroidManifest.xml:147:13-63
156            android:screenOrientation="portrait" />
156-->src\main\AndroidManifest.xml:148:13-49
157        <activity
157-->src\main\AndroidManifest.xml:149:9-152:52
158            android:name="com.zxiaofan.yunyi.findDoc.FindDocDetail"
158-->src\main\AndroidManifest.xml:150:13-68
159            android:configChanges="orientation|keyboardHidden"
159-->src\main\AndroidManifest.xml:151:13-63
160            android:screenOrientation="portrait" />
160-->src\main\AndroidManifest.xml:152:13-49
161        <activity
161-->src\main\AndroidManifest.xml:153:9-156:52
162            android:name="com.zxiaofan.yunyi.User.PersonalDetail"
162-->src\main\AndroidManifest.xml:154:13-66
163            android:configChanges="orientation|keyboardHidden"
163-->src\main\AndroidManifest.xml:155:13-63
164            android:screenOrientation="portrait" />
164-->src\main\AndroidManifest.xml:156:13-49
165        <activity
165-->src\main\AndroidManifest.xml:157:9-160:52
166            android:name="com.zxiaofan.yunyi.User.MyDocCard"
166-->src\main\AndroidManifest.xml:158:13-61
167            android:configChanges="orientation|keyboardHidden"
167-->src\main\AndroidManifest.xml:159:13-63
168            android:screenOrientation="portrait" />
168-->src\main\AndroidManifest.xml:160:13-49
169        <activity
169-->src\main\AndroidManifest.xml:161:9-164:52
170            android:name="com.zxiaofan.yunyi.record.SeeDocDetail"
170-->src\main\AndroidManifest.xml:162:13-66
171            android:configChanges="orientation|keyboardHidden"
171-->src\main\AndroidManifest.xml:163:13-63
172            android:screenOrientation="portrait" />
172-->src\main\AndroidManifest.xml:164:13-49
173        <activity
173-->src\main\AndroidManifest.xml:165:9-168:52
174            android:name="com.zxiaofan.yunyi.record.ReportQuery"
174-->src\main\AndroidManifest.xml:166:13-65
175            android:configChanges="orientation|keyboardHidden"
175-->src\main\AndroidManifest.xml:167:13-63
176            android:screenOrientation="portrait" />
176-->src\main\AndroidManifest.xml:168:13-49
177        <activity
177-->src\main\AndroidManifest.xml:169:9-172:52
178            android:name="com.zxiaofan.yunyi.User.FeedBackActivity"
178-->src\main\AndroidManifest.xml:170:13-68
179            android:configChanges="orientation|keyboardHidden"
179-->src\main\AndroidManifest.xml:171:13-63
180            android:screenOrientation="portrait" />
180-->src\main\AndroidManifest.xml:172:13-49
181        <activity
181-->src\main\AndroidManifest.xml:173:9-176:52
182            android:name="com.zxiaofan.yunyi.User.ChangePasswordActivity"
182-->src\main\AndroidManifest.xml:174:13-74
183            android:configChanges="orientation|keyboardHidden"
183-->src\main\AndroidManifest.xml:175:13-63
184            android:screenOrientation="portrait" />
184-->src\main\AndroidManifest.xml:176:13-49
185        <activity
185-->src\main\AndroidManifest.xml:177:9-180:52
186            android:name="com.zxiaofan.yunyi.record.OutpatientPrescriptionsActivity"
186-->src\main\AndroidManifest.xml:178:13-85
187            android:configChanges="orientation|keyboardHidden"
187-->src\main\AndroidManifest.xml:179:13-63
188            android:screenOrientation="portrait" />
188-->src\main\AndroidManifest.xml:180:13-49
189        <activity
189-->src\main\AndroidManifest.xml:181:9-184:52
190            android:name="com.zxiaofan.yunyi.record.MedicalExpensesActivity"
190-->src\main\AndroidManifest.xml:182:13-77
191            android:configChanges="orientation|keyboardHidden"
191-->src\main\AndroidManifest.xml:183:13-63
192            android:screenOrientation="portrait" />
192-->src\main\AndroidManifest.xml:184:13-49
193        <activity
193-->src\main\AndroidManifest.xml:185:9-188:52
194            android:name="com.zxiaofan.yunyi.User.MyUserActivity"
194-->src\main\AndroidManifest.xml:186:13-66
195            android:configChanges="orientation|keyboardHidden"
195-->src\main\AndroidManifest.xml:187:13-63
196            android:screenOrientation="portrait" />
196-->src\main\AndroidManifest.xml:188:13-49
197        <activity
197-->src\main\AndroidManifest.xml:189:9-192:52
198            android:name="com.zxiaofan.yunyi.User.AddUserActivity"
198-->src\main\AndroidManifest.xml:190:13-67
199            android:configChanges="orientation|keyboardHidden"
199-->src\main\AndroidManifest.xml:191:13-63
200            android:screenOrientation="portrait" />
200-->src\main\AndroidManifest.xml:192:13-49
201        <activity
201-->src\main\AndroidManifest.xml:193:9-196:52
202            android:name="com.zxiaofan.yunyi.User.EditUserActivity"
202-->src\main\AndroidManifest.xml:194:13-68
203            android:configChanges="orientation|keyboardHidden"
203-->src\main\AndroidManifest.xml:195:13-63
204            android:screenOrientation="portrait" />
204-->src\main\AndroidManifest.xml:196:13-49
205        <activity
205-->src\main\AndroidManifest.xml:197:9-200:52
206            android:name="com.zxiaofan.yunyi.xzqh.ProcinceActivity"
206-->src\main\AndroidManifest.xml:198:13-68
207            android:configChanges="orientation|keyboardHidden"
207-->src\main\AndroidManifest.xml:199:13-63
208            android:screenOrientation="portrait" />
208-->src\main\AndroidManifest.xml:200:13-49
209        <activity
209-->src\main\AndroidManifest.xml:201:9-204:52
210            android:name="com.zxiaofan.yunyi.activity.TimeSecActivity"
210-->src\main\AndroidManifest.xml:202:13-71
211            android:configChanges="orientation|keyboardHidden"
211-->src\main\AndroidManifest.xml:203:13-63
212            android:screenOrientation="portrait" />
212-->src\main\AndroidManifest.xml:204:13-49
213        <activity
213-->src\main\AndroidManifest.xml:205:9-208:52
214            android:name="com.zxiaofan.yunyi.registered.RegisteredSuccess"
214-->src\main\AndroidManifest.xml:206:13-75
215            android:configChanges="orientation|keyboardHidden"
215-->src\main\AndroidManifest.xml:207:13-63
216            android:screenOrientation="portrait" />
216-->src\main\AndroidManifest.xml:208:13-49
217        <activity
217-->src\main\AndroidManifest.xml:209:9-212:52
218            android:name="com.zxiaofan.yunyi.hospital.DepartmentInformationActivity"
218-->src\main\AndroidManifest.xml:210:13-85
219            android:configChanges="orientation|keyboardHidden"
219-->src\main\AndroidManifest.xml:211:13-63
220            android:screenOrientation="portrait" />
220-->src\main\AndroidManifest.xml:212:13-49
221        <activity
221-->src\main\AndroidManifest.xml:213:9-216:52
222            android:name="com.zxiaofan.yunyi.Search.TFSearchActivity"
222-->src\main\AndroidManifest.xml:214:13-70
223            android:configChanges="orientation|keyboardHidden"
223-->src\main\AndroidManifest.xml:215:13-63
224            android:screenOrientation="portrait" />
224-->src\main\AndroidManifest.xml:216:13-49
225
226        <service
226-->src\main\AndroidManifest.xml:218:9-221:52
227            android:name="base.PushSmsService"
227-->src\main\AndroidManifest.xml:219:13-47
228            android:configChanges="orientation|keyboardHidden"
228-->src\main\AndroidManifest.xml:220:13-63
229            android:screenOrientation="portrait" />
229-->src\main\AndroidManifest.xml:221:13-49
230
231        <activity
231-->src\main\AndroidManifest.xml:223:9-226:52
232            android:name="com.zxiaofan.yunyi.record.PatientInfo"
232-->src\main\AndroidManifest.xml:224:13-65
233            android:configChanges="orientation|keyboardHidden"
233-->src\main\AndroidManifest.xml:225:13-63
234            android:screenOrientation="portrait" />
234-->src\main\AndroidManifest.xml:226:13-49
235        <activity
235-->src\main\AndroidManifest.xml:227:9-230:52
236            android:name="com.zxiaofan.yunyi.User.AboutUs"
236-->src\main\AndroidManifest.xml:228:13-59
237            android:configChanges="orientation|keyboardHidden"
237-->src\main\AndroidManifest.xml:229:13-63
238            android:screenOrientation="portrait" />
238-->src\main\AndroidManifest.xml:230:13-49
239        <activity
239-->src\main\AndroidManifest.xml:231:9-234:52
240            android:name="com.zxiaofan.yunyi.hospital.MedicalNaviDetail"
240-->src\main\AndroidManifest.xml:232:13-73
241            android:configChanges="orientation|keyboardHidden"
241-->src\main\AndroidManifest.xml:233:13-63
242            android:screenOrientation="portrait" />
242-->src\main\AndroidManifest.xml:234:13-49
243        <activity android:name="com.zxiaofan.yunyi.xzqh.NewProcinceActivity" />
243-->src\main\AndroidManifest.xml:235:9-80
243-->src\main\AndroidManifest.xml:235:19-77
244        <activity
244-->src\main\AndroidManifest.xml:236:9-239:52
245            android:name="com.zxiaofan.yunyi.User.MyCard"
245-->src\main\AndroidManifest.xml:237:13-58
246            android:configChanges="orientation|keyboardHidden"
246-->src\main\AndroidManifest.xml:238:13-63
247            android:screenOrientation="portrait" />
247-->src\main\AndroidManifest.xml:239:13-49
248        <activity android:name="com.zxiaofan.yunyi.User.AddHosCard" />
248-->src\main\AndroidManifest.xml:241:9-71
248-->src\main\AndroidManifest.xml:241:19-68
249        <activity android:name="com.zxiaofan.yunyi.activity.A_jbzz_toutong" />
249-->src\main\AndroidManifest.xml:242:9-79
249-->src\main\AndroidManifest.xml:242:19-76
250        <activity android:name="com.zxiaofan.yunyi.activity.JBZZView" />
250-->src\main\AndroidManifest.xml:243:9-73
250-->src\main\AndroidManifest.xml:243:19-70
251        <activity android:name="com.zxiaofan.yunyi.activity.FindHosByDisease" />
251-->src\main\AndroidManifest.xml:244:9-81
251-->src\main\AndroidManifest.xml:244:19-78
252        <activity android:name="com.zxiaofan.yunyi.activity.FindDocByDisease" />
252-->src\main\AndroidManifest.xml:245:9-81
252-->src\main\AndroidManifest.xml:245:19-78
253        <activity android:name="com.zxiaofan.yunyi.activity.A_jbzz_bisai" />
253-->src\main\AndroidManifest.xml:246:9-77
253-->src\main\AndroidManifest.xml:246:19-74
254        <activity android:name="com.zxiaofan.yunyi.activity.A_jbzz_xinji" />
254-->src\main\AndroidManifest.xml:247:9-77
254-->src\main\AndroidManifest.xml:247:19-74
255        <activity android:name="com.zxiaofan.yunyi.activity.A_jbzz_gpttnx" />
255-->src\main\AndroidManifest.xml:248:9-78
255-->src\main\AndroidManifest.xml:248:19-75
256        <activity android:name="com.zxiaofan.yunyi.activity.A_jbzz_smmct" />
256-->src\main\AndroidManifest.xml:249:9-77
256-->src\main\AndroidManifest.xml:249:19-74
257        <activity android:name="com.zxiaofan.yunyi.activity.A_jbzz_zbhgjtt" />
257-->src\main\AndroidManifest.xml:250:9-79
257-->src\main\AndroidManifest.xml:250:19-76
258        <activity android:name="com.zxiaofan.yunyi.activity.A_jbzz_kesou" />
258-->src\main\AndroidManifest.xml:251:9-77
258-->src\main\AndroidManifest.xml:251:19-74
259        <activity android:name="com.zxiaofan.yunyi.activity.A_jbzz_yaotong" />
259-->src\main\AndroidManifest.xml:252:9-79
259-->src\main\AndroidManifest.xml:252:19-76
260        <activity android:name="com.zxiaofan.yunyi.activity.A_jbzz_bianmi" />
260-->src\main\AndroidManifest.xml:253:9-78
260-->src\main\AndroidManifest.xml:253:19-75
261        <activity android:name="com.zxiaofan.yunyi.activity.A_jbzz_houlongt" />
261-->src\main\AndroidManifest.xml:254:9-80
261-->src\main\AndroidManifest.xml:254:19-77
262    </application>
263
264</manifest>